<?xml version="1.0" encoding="UTF-8"?>
<!-- Generated by org.testng.reporters.JUnitXMLReporter -->
<testsuite ignored="0" hostname="loknathReddy" failures="0" tests="4" name="Default test" time="0.098" errors="0" timestamp="2021-04-17T20:59:56 IST">
  <testcase classname="TestNG.dependsonmethod" name="url" time="0.012"/>
  <testcase classname="TestNG.dependsonmethod" name="login" time="0.004"/>
  <testcase classname="TestNG.dependsonmethod" name="openbrowser" time="0.001"/>
  <testcase classname="TestNG.dependsonmethod" name="password" time="0.003"/>
</testsuite> <!-- Default test -->
