<?xml version="1.0" encoding="UTF-8"?>
<!-- Generated by org.testng.reporters.JUnitXMLReporter -->
<testsuite ignored="0" hostname="loknathReddy" failures="0" tests="9" name="abc" time="0.129" errors="0" timestamp="2021-04-17T07:58:01 IST">
  <testcase classname="TestNG.Sample1" name="hij" time="0.012"/>
  <testcase classname="TestNG.Sample1" name="ghi" time="0.003"/>
  <testcase classname="TestNG.Sample1" name="fgh" time="0.002"/>
  <testcase classname="TestNG.Sample1" name="efg" time="0.002"/>
  <testcase classname="TestNG.Sample1" name="def" time="0.005"/>
  <testcase classname="TestNG.Sample1" name="abc" time="0.002"/>
  <testcase classname="TestNG.Sample1" name="cde" time="0.002"/>
  <testcase classname="TestNG.Sample1" name="bcd" time="0.001"/>
  <testcase classname="TestNG.sample2" name="f" time="0.001"/>
</testsuite> <!-- abc -->
