<?xml version="1.0" encoding="UTF-8"?>
<testng-results ignored="0" total="4" passed="4" failed="0" skipped="0">
  <reporter-output>
  </reporter-output>
  <suite started-at="2021-04-17T20:59:56 IST" name="Default suite" finished-at="2021-04-17T20:59:56 IST" duration-ms="98">
    <groups>
    </groups>
    <test started-at="2021-04-17T20:59:56 IST" name="Default test" finished-at="2021-04-17T20:59:56 IST" duration-ms="98">
      <class name="TestNG.dependsonmethod">
        <test-method signature="url()[pri:0, instance:TestNG.dependsonmethod@d21a74c]" started-at="2021-04-17T20:59:56 IST" name="url" finished-at="2021-04-17T20:59:56 IST" duration-ms="12" status="PASS">
          <reporter-output>
          </reporter-output>
        </test-method> <!-- url -->
        <test-method signature="login()[pri:0, instance:TestNG.dependsonmethod@d21a74c]" started-at="2021-04-17T20:59:56 IST" name="login" finished-at="2021-04-17T20:59:56 IST" depends-on-methods="TestNG.dependsonmethod.url" duration-ms="4" status="PASS">
          <reporter-output>
          </reporter-output>
        </test-method> <!-- login -->
        <test-method signature="openbrowser()[pri:0, instance:TestNG.dependsonmethod@d21a74c]" started-at="2021-04-17T20:59:56 IST" name="openbrowser" finished-at="2021-04-17T20:59:56 IST" depends-on-methods="TestNG.dependsonmethod.login" duration-ms="1" status="PASS">
          <reporter-output>
          </reporter-output>
        </test-method> <!-- openbrowser -->
        <test-method signature="password()[pri:0, instance:TestNG.dependsonmethod@d21a74c]" started-at="2021-04-17T20:59:56 IST" name="password" finished-at="2021-04-17T20:59:56 IST" depends-on-methods="TestNG.dependsonmethod.openbrowser" duration-ms="3" status="PASS">
          <reporter-output>
          </reporter-output>
        </test-method> <!-- password -->
      </class> <!-- TestNG.dependsonmethod -->
    </test> <!-- Default test -->
  </suite> <!-- Default suite -->
</testng-results>
